# JRE version: OpenJDK Runtime Environment (21.0.8) (build 21.0.8+-14196175-b1038.72)
# Java VM: OpenJDK 64-Bit Server VM (21.0.8+-14196175-b1038.72, mixed mode, tiered, compressed oops, compressed class ptrs, g1 gc, windows-amd64)
GC Precious Log:
 CardTable entry size: 512
 Card Set container configuration: InlinePtr #cards 5 size 8 Array Of Cards #cards 12 size 40 Howl #buckets 4 coarsen threshold 1843 Howl Bitmap #cards 512 size 80 coarsen threshold 460 Card regions per heap region 1 cards per card region 2048
 CPUs: 16 total, 16 available
 Memory: 15774M
 Large Page Support: Disabled
 NUMA Support: Disabled
 Compressed Oops: Enabled (32-bit)
 Heap Region Size: 1M
 Heap Min Capacity: 8M
 Heap Initial Capacity: 248M
 Heap Max Capacity: 2G
 Pre-touch: Disabled
 Parallel Workers: 13
 Concurrent Workers: 3
 Concurrent Refinement Workers: 13
 Periodic GC: Disabled
Heap:
 garbage-first heap   total 375808K, used 194736K [0x0000000080000000, 0x0000000100000000)
  region size 1024K, 7 young (7168K), 7 survivors (7168K)
 Metaspace       used 151488K, committed 154048K, reserved 1245184K
  class space    used 21126K, committed 22400K, reserved 1048576K
GC Heap History (20 events):
Event: 246.647 GC heap after
{Heap after GC invocations=47 (full 0):
 garbage-first heap   total 331776K, used 145539K [0x0000000080000000, 0x0000000100000000)
  region size 1024K, 10 young (10240K), 10 survivors (10240K)
 Metaspace       used 139036K, committed 141568K, reserved 1179648K
  class space    used 19983K, committed 21184K, reserved 1048576K
}
Event: 252.307 GC heap before
{Heap before GC invocations=47 (full 0):
 garbage-first heap   total 331776K, used 302211K [0x0000000080000000, 0x0000000100000000)
  region size 1024K, 164 young (167936K), 10 survivors (10240K)
 Metaspace       used 143931K, committed 146496K, reserved 1179648K
  class space    used 20580K, committed 21824K, reserved 1048576K
}
Event: 252.327 GC heap after
{Heap after GC invocations=48 (full 0):
 garbage-first heap   total 331776K, used 158778K [0x0000000080000000, 0x0000000100000000)
  region size 1024K, 21 young (21504K), 21 survivors (21504K)
 Metaspace       used 143931K, committed 146496K, reserved 1179648K
  class space    used 20580K, committed 21824K, reserved 1048576K
}
Event: 252.627 GC heap before
{Heap before GC invocations=48 (full 0):
 garbage-first heap   total 331776K, used 236602K [0x0000000080000000, 0x0000000100000000)
  region size 1024K, 99 young (101376K), 21 survivors (21504K)
 Metaspace       used 144314K, committed 146944K, reserved 1179648K
  class space    used 20582K, committed 21824K, reserved 1048576K
}
Event: 252.638 GC heap after
{Heap after GC invocations=49 (full 0):
 garbage-first heap   total 331776K, used 163246K [0x0000000080000000, 0x0000000100000000)
  region size 1024K, 4 young (4096K), 4 survivors (4096K)
 Metaspace       used 144314K, committed 146944K, reserved 1179648K
  class space    used 20582K, committed 21824K, reserved 1048576K
}
Event: 932.880 GC heap before
{Heap before GC invocations=50 (full 0):
 garbage-first heap   total 368640K, used 357806K [0x0000000080000000, 0x0000000100000000)
  region size 1024K, 139 young (142336K), 4 survivors (4096K)
 Metaspace       used 144849K, committed 147392K, reserved 1179648K
  class space    used 20585K, committed 21824K, reserved 1048576K
}
Event: 932.889 GC heap after
{Heap after GC invocations=51 (full 0):
 garbage-first heap   total 369664K, used 169412K [0x0000000080000000, 0x0000000100000000)
  region size 1024K, 10 young (10240K), 10 survivors (10240K)
 Metaspace       used 144849K, committed 147392K, reserved 1179648K
  class space    used 20585K, committed 21824K, reserved 1048576K
}
Event: 934.721 GC heap before
{Heap before GC invocations=51 (full 0):
 garbage-first heap   total 369664K, used 349636K [0x0000000080000000, 0x0000000100000000)
  region size 1024K, 172 young (176128K), 10 survivors (10240K)
 Metaspace       used 149083K, committed 151680K, reserved 1179648K
  class space    used 21029K, committed 22272K, reserved 1048576K
}
Event: 934.735 GC heap after
{Heap after GC invocations=52 (full 0):
 garbage-first heap   total 375808K, used 179330K [0x0000000080000000, 0x0000000100000000)
  region size 1024K, 20 young (20480K), 20 survivors (20480K)
 Metaspace       used 149083K, committed 151680K, reserved 1179648K
  class space    used 21029K, committed 22272K, reserved 1048576K
}
Event: 934.909 GC heap before
{Heap before GC invocations=52 (full 0):
 garbage-first heap   total 375808K, used 333954K [0x0000000080000000, 0x0000000100000000)
  region size 1024K, 172 young (176128K), 20 survivors (20480K)
 Metaspace       used 149561K, committed 152128K, reserved 1179648K
  class space    used 21053K, committed 22336K, reserved 1048576K
}
Event: 934.934 GC heap after
{Heap after GC invocations=53 (full 0):
 garbage-first heap   total 375808K, used 198470K [0x0000000080000000, 0x0000000100000000)
  region size 1024K, 22 young (22528K), 22 survivors (22528K)
 Metaspace       used 149561K, committed 152128K, reserved 1179648K
  class space    used 21053K, committed 22336K, reserved 1048576K
}
Event: 935.326 GC heap before
{Heap before GC invocations=54 (full 0):
 garbage-first heap   total 375808K, used 332614K [0x0000000080000000, 0x0000000100000000)
  region size 1024K, 154 young (157696K), 22 survivors (22528K)
 Metaspace       used 150836K, committed 153472K, reserved 1245184K
  class space    used 21112K, committed 22400K, reserved 1048576K
}
Event: 935.342 GC heap after
{Heap after GC invocations=55 (full 0):
 garbage-first heap   total 375808K, used 204990K [0x0000000080000000, 0x0000000100000000)
  region size 1024K, 6 young (6144K), 6 survivors (6144K)
 Metaspace       used 150836K, committed 153472K, reserved 1245184K
  class space    used 21112K, committed 22400K, reserved 1048576K
}
Event: 935.557 GC heap before
{Heap before GC invocations=55 (full 0):
 garbage-first heap   total 375808K, used 343230K [0x0000000080000000, 0x0000000100000000)
  region size 1024K, 142 young (145408K), 6 survivors (6144K)
 Metaspace       used 151081K, committed 153664K, reserved 1245184K
  class space    used 21115K, committed 22400K, reserved 1048576K
}
Event: 935.564 GC heap after
{Heap after GC invocations=56 (full 0):
 garbage-first heap   total 375808K, used 193999K [0x0000000080000000, 0x0000000100000000)
  region size 1024K, 5 young (5120K), 5 survivors (5120K)
 Metaspace       used 151081K, committed 153664K, reserved 1245184K
  class space    used 21115K, committed 22400K, reserved 1048576K
}
Event: 935.728 GC heap before
{Heap before GC invocations=56 (full 0):
 garbage-first heap   total 375808K, used 344527K [0x0000000080000000, 0x0000000100000000)
  region size 1024K, 153 young (156672K), 5 survivors (5120K)
 Metaspace       used 151293K, committed 153856K, reserved 1245184K
  class space    used 21122K, committed 22400K, reserved 1048576K
}
Event: 935.732 GC heap after
{Heap after GC invocations=57 (full 0):
 garbage-first heap   total 375808K, used 192813K [0x0000000080000000, 0x0000000100000000)
  region size 1024K, 4 young (4096K), 4 survivors (4096K)
 Metaspace       used 151293K, committed 153856K, reserved 1245184K
  class space    used 21122K, committed 22400K, reserved 1048576K
}
Event: 935.927 GC heap before
{Heap before GC invocations=57 (full 0):
 garbage-first heap   total 375808K, used 347437K [0x0000000080000000, 0x0000000100000000)
  region size 1024K, 157 young (160768K), 4 survivors (4096K)
 Metaspace       used 151442K, committed 153984K, reserved 1245184K
  class space    used 21126K, committed 22400K, reserved 1048576K
}
Event: 935.933 GC heap after
{Heap after GC invocations=58 (full 0):
 garbage-first heap   total 375808K, used 192741K [0x0000000080000000, 0x0000000100000000)
  region size 1024K, 5 young (5120K), 5 survivors (5120K)
 Metaspace       used 151442K, committed 153984K, reserved 1245184K
  class space    used 21126K, committed 22400K, reserved 1048576K
}
Event: 936.104 GC heap before
{Heap before GC invocations=59 (full 0):
 garbage-first heap   total 375808K, used 349413K [0x0000000080000000, 0x0000000100000000)
  region size 1024K, 159 young (162816K), 5 survivors (5120K)
 Metaspace       used 151488K, committed 154048K, reserved 1245184K
  class space    used 21126K, committed 22400K, reserved 1048576K
}

