# JRE version: OpenJDK Runtime Environment (21.0.8) (build 21.0.8+-14196175-b1038.72)
# Java VM: OpenJDK 64-Bit Server VM (21.0.8+-14196175-b1038.72, mixed mode, tiered, compressed oops, compressed class ptrs, g1 gc, windows-amd64)
GC Precious Log:
 CardTable entry size: 512
 Card Set container configuration: InlinePtr #cards 5 size 8 Array Of Cards #cards 12 size 40 Howl #buckets 4 coarsen threshold 1843 Howl Bitmap #cards 512 size 80 coarsen threshold 460 Card regions per heap region 1 cards per card region 2048
 CPUs: 16 total, 16 available
 Memory: 15774M
 Large Page Support: Disabled
 NUMA Support: Disabled
 Compressed Oops: Enabled (32-bit)
 Heap Region Size: 1M
 Heap Min Capacity: 8M
 Heap Initial Capacity: 248M
 Heap Max Capacity: 2G
 Pre-touch: Disabled
 Parallel Workers: 13
 Concurrent Workers: 3
 Concurrent Refinement Workers: 13
 Periodic GC: Disabled
Heap:
 garbage-first heap   total 132096K, used 102597K [0x0000000080000000, 0x0000000100000000)
  region size 1024K, 53 young (54272K), 4 survivors (4096K)
 Metaspace       used 71448K, committed 73344K, reserved 1114112K
  class space    used 10121K, committed 11072K, reserved 1048576K
GC Heap History (20 events):
Event: 2.359 GC heap before
{Heap before GC invocations=6 (full 0):
 garbage-first heap   total 86016K, used 31232K [0x0000000080000000, 0x0000000100000000)
  region size 1024K, 13 young (13312K), 6 survivors (6144K)
 Metaspace       used 35436K, committed 36096K, reserved 1114112K
  class space    used 4691K, committed 4992K, reserved 1048576K
}
Event: 2.362 GC heap after
{Heap after GC invocations=7 (full 0):
 garbage-first heap   total 86016K, used 25529K [0x0000000080000000, 0x0000000100000000)
  region size 1024K, 4 young (4096K), 4 survivors (4096K)
 Metaspace       used 35436K, committed 36096K, reserved 1114112K
  class space    used 4691K, committed 4992K, reserved 1048576K
}
Event: 2.715 GC heap before
{Heap before GC invocations=8 (full 0):
 garbage-first heap   total 86016K, used 68537K [0x0000000080000000, 0x0000000100000000)
  region size 1024K, 46 young (47104K), 4 survivors (4096K)
 Metaspace       used 41145K, committed 42240K, reserved 1114112K
  class space    used 5681K, committed 6208K, reserved 1048576K
}
Event: 2.719 GC heap after
{Heap after GC invocations=9 (full 0):
 garbage-first heap   total 103424K, used 27492K [0x0000000080000000, 0x0000000100000000)
  region size 1024K, 5 young (5120K), 5 survivors (5120K)
 Metaspace       used 41145K, committed 42240K, reserved 1114112K
  class space    used 5681K, committed 6208K, reserved 1048576K
}
Event: 3.370 GC heap before
{Heap before GC invocations=9 (full 0):
 garbage-first heap   total 103424K, used 82788K [0x0000000080000000, 0x0000000100000000)
  region size 1024K, 60 young (61440K), 5 survivors (5120K)
 Metaspace       used 49758K, committed 51136K, reserved 1114112K
  class space    used 6883K, committed 7552K, reserved 1048576K
}
Event: 3.376 GC heap after
{Heap after GC invocations=10 (full 0):
 garbage-first heap   total 103424K, used 32629K [0x0000000080000000, 0x0000000100000000)
  region size 1024K, 8 young (8192K), 8 survivors (8192K)
 Metaspace       used 49758K, committed 51136K, reserved 1114112K
  class space    used 6883K, committed 7552K, reserved 1048576K
}
Event: 3.928 GC heap before
{Heap before GC invocations=10 (full 0):
 garbage-first heap   total 103424K, used 87925K [0x0000000080000000, 0x0000000100000000)
  region size 1024K, 60 young (61440K), 8 survivors (8192K)
 Metaspace       used 55505K, committed 57088K, reserved 1114112K
  class space    used 7837K, committed 8576K, reserved 1048576K
}
Event: 3.935 GC heap after
{Heap after GC invocations=11 (full 0):
 garbage-first heap   total 103424K, used 40413K [0x0000000080000000, 0x0000000100000000)
  region size 1024K, 6 young (6144K), 6 survivors (6144K)
 Metaspace       used 55505K, committed 57088K, reserved 1114112K
  class space    used 7837K, committed 8576K, reserved 1048576K
}
Event: 4.216 GC heap before
{Heap before GC invocations=11 (full 0):
 garbage-first heap   total 103424K, used 87517K [0x0000000080000000, 0x0000000100000000)
  region size 1024K, 52 young (53248K), 6 survivors (6144K)
 Metaspace       used 58078K, committed 59776K, reserved 1114112K
  class space    used 8237K, committed 9088K, reserved 1048576K
}
Event: 4.221 GC heap after
{Heap after GC invocations=12 (full 0):
 garbage-first heap   total 103424K, used 42134K [0x0000000080000000, 0x0000000100000000)
  region size 1024K, 2 young (2048K), 2 survivors (2048K)
 Metaspace       used 58078K, committed 59776K, reserved 1114112K
  class space    used 8237K, committed 9088K, reserved 1048576K
}
Event: 4.269 GC heap before
{Heap before GC invocations=12 (full 0):
 garbage-first heap   total 103424K, used 47254K [0x0000000080000000, 0x0000000100000000)
  region size 1024K, 8 young (8192K), 2 survivors (2048K)
 Metaspace       used 58827K, committed 60480K, reserved 1114112K
  class space    used 8336K, committed 9152K, reserved 1048576K
}
Event: 4.271 GC heap after
{Heap after GC invocations=13 (full 0):
 garbage-first heap   total 103424K, used 41997K [0x0000000080000000, 0x0000000100000000)
  region size 1024K, 2 young (2048K), 2 survivors (2048K)
 Metaspace       used 58827K, committed 60480K, reserved 1114112K
  class space    used 8336K, committed 9152K, reserved 1048576K
}
Event: 4.752 GC heap before
{Heap before GC invocations=14 (full 0):
 garbage-first heap   total 103424K, used 91149K [0x0000000080000000, 0x0000000100000000)
  region size 1024K, 50 young (51200K), 2 survivors (2048K)
 Metaspace       used 65383K, committed 67136K, reserved 1114112K
  class space    used 9326K, committed 10176K, reserved 1048576K
}
Event: 4.755 GC heap after
{Heap after GC invocations=15 (full 0):
 garbage-first heap   total 103424K, used 44297K [0x0000000080000000, 0x0000000100000000)
  region size 1024K, 4 young (4096K), 4 survivors (4096K)
 Metaspace       used 65383K, committed 67136K, reserved 1114112K
  class space    used 9326K, committed 10176K, reserved 1048576K
}
Event: 5.474 GC heap before
{Heap before GC invocations=15 (full 0):
 garbage-first heap   total 103424K, used 92425K [0x0000000080000000, 0x0000000100000000)
  region size 1024K, 51 young (52224K), 4 survivors (4096K)
 Metaspace       used 70391K, committed 72192K, reserved 1114112K
  class space    used 10069K, committed 10880K, reserved 1048576K
}
Event: 5.480 GC heap after
{Heap after GC invocations=16 (full 0):
 garbage-first heap   total 103424K, used 48396K [0x0000000080000000, 0x0000000100000000)
  region size 1024K, 7 young (7168K), 7 survivors (7168K)
 Metaspace       used 70391K, committed 72192K, reserved 1114112K
  class space    used 10069K, committed 10880K, reserved 1048576K
}
Event: 5.762 GC heap before
{Heap before GC invocations=16 (full 0):
 garbage-first heap   total 103424K, used 88332K [0x0000000080000000, 0x0000000100000000)
  region size 1024K, 47 young (48128K), 7 survivors (7168K)
 Metaspace       used 71006K, committed 72896K, reserved 1114112K
  class space    used 10077K, committed 11008K, reserved 1048576K
}
Event: 5.770 GC heap after
{Heap after GC invocations=17 (full 0):
 garbage-first heap   total 103424K, used 52343K [0x0000000080000000, 0x0000000100000000)
  region size 1024K, 5 young (5120K), 5 survivors (5120K)
 Metaspace       used 71006K, committed 72896K, reserved 1114112K
  class space    used 10077K, committed 11008K, reserved 1048576K
}
Event: 6.077 GC heap before
{Heap before GC invocations=17 (full 0):
 garbage-first heap   total 103424K, used 90231K [0x0000000080000000, 0x0000000100000000)
  region size 1024K, 43 young (44032K), 5 survivors (5120K)
 Metaspace       used 71235K, committed 73152K, reserved 1114112K
  class space    used 10077K, committed 11008K, reserved 1048576K
}
Event: 6.082 GC heap after
{Heap after GC invocations=18 (full 0):
 garbage-first heap   total 132096K, used 54469K [0x0000000080000000, 0x0000000100000000)
  region size 1024K, 4 young (4096K), 4 survivors (4096K)
 Metaspace       used 71235K, committed 73152K, reserved 1114112K
  class space    used 10077K, committed 11008K, reserved 1048576K
}

